

<!DOCTYPE html>
<html>
<head>
<meta charset="UTF-8">
<meta name="viewport" content="width=device-width, initial-scale=1, shrink-to-fit=no">
<title></title>
<link rel="apple-touch-icon" href="https://cdn.jsdelivr.net/gh/extent-framework/extent-github-cdn@b00a2d0486596e73dd7326beacf352c639623a0e/commons/img/logo.png">
<link rel="shortcut icon" href="https://cdn.jsdelivr.net/gh/extent-framework/extent-github-cdn@b00a2d0486596e73dd7326beacf352c639623a0e/commons/img/logo.png">
<link href="https://cdn.jsdelivr.net/gh/extent-framework/extent-github-cdn@d6562a79075e061305ccfdb82f01e5e195e2d307/spark/css/spark-style.css" rel="stylesheet" />
<link href="https://stackpath.bootstrapcdn.com/font-awesome/4.7.0/css/font-awesome.min.css" rel="stylesheet">
<script src="https://cdn.jsdelivr.net/gh/extent-framework/extent-github-cdn@7cc78ce/spark/js/jsontree.js"></script>
<style type="text/css"></style></head><body class="spa bdd-report standard">
  <div class="app">
    <div class="layout">
<div class="header navbar">
<div class="vheader">
<div class="nav-logo">
<a href="#">
<div class="logo" style="background-image: url('https://cdn.jsdelivr.net/gh/extent-framework/extent-github-cdn@b00a2d0486596e73dd7326beacf352c639623a0e/commons/img/logo.png')"></div>
</a>
</div>
<ul class="nav-left">
<li class="search-box">
<a class="search-toggle" href="#">
<i class="search-icon fa fa-search"></i>
<i class="search-icon-close fa fa-close"></i>
</a>
</li>
<li class="search-input"><input id="search-tests" class="form-control" type="text" placeholder="Search..."></li>
</ul>
<ul class="nav-right">
<li class="m-r-10">
<a href="#"><span class="badge badge-primary"></span></a>
</li>
<li class="m-r-10">
<a href="#"><span class="badge badge-primary">Apr 1, 2024 05:40:17 PM</span></a>
</li>
</ul>
</div>
</div><div class="side-nav">
<div class="side-nav-inner">
<ul class="side-nav-menu">
<li class="nav-item dropdown" onclick="toggleView('test-view')">
<a id="nav-test" class="dropdown-toggle" href="#">
<span class="ico"><i class="fa fa-list"></i></span>
</a>
</li>
<li class="nav-item dropdown" onclick="toggleView('exception-view')">
<a id="nav-exception" class="dropdown-toggle" href="#">
<span class="ico"><i class="fa fa-bug"></i></span>
</a>
</li>
<li class="nav-item dropdown" onclick="toggleView('category-view')">
<a id="nav-category" class="dropdown-toggle" href="#">
<span class="ico"><i class="fa fa-tag"></i></span>
</a>
</li>
<li class="nav-item dropdown" onclick="toggleView('dashboard-view')">
<a id="nav-dashboard" class="dropdown-toggle" href="#">
<span class="ico"><i class="fa fa-bar-chart"></i></span>
</a>
</li>
</ul>
</div>
</div>      <div class="vcontainer">
        <div class="main-content">
<div class="test-wrapper row view test-view">
  <div class="test-list">
    <div class="test-list-tools">
<ul class="tools pull-left">
<li><a href="#"><span class="font-size-14">Tests</span></a></li>
</ul>
<ul class="tools text-right">
<li class="dropdown">
<a href="#" class="dropdown-toggle" data-toggle="dropdown"><i class="fa fa-exclamation-circle"></i></a>
<ul id="status-toggle" class="dropdown-menu dropdown-md p-v-0">
<a class="dropdown-item" status="fail" href="#"><span>Fail</span><span class="status danger"></span></a>
<div class="dropdown-divider"></div>
<a status="clear" class="dropdown-item" href="#"><span>Clear</span><span class="pull-right"><i class="fa fa-close"></i></span></a>
</ul>
</li>
<li class="dropdown">
<a href="#" class="dropdown-toggle" data-toggle="dropdown"><i class="fa fa-tag"></i></a>
<ul id="tag-toggle" class="dropdown-menu dropdown-md p-v-0">
<a class="dropdown-item" href="#">@Login</a>
</ul>
</li>
</ul>
</div>    <div class="test-list-wrapper scrollable">
      <ul class="test-list-item">
        <li class="test-item"  status="fail" test-id="1"
          author=""
          tag=""
          device="">
          <div class="test-detail">
            <p class="name">Add to cart Functionality</p>
            <p class="text-sm">
              <span>5:40:19 PM</span> / <span>00:00:00:454</span>
              <span class="badge fail-bg log float-right">Fail</span>
            </p>
          </div>
          <div class="test-contents d-none">
<div class="detail-head">
<div class="p-v-10">
<div class="info">
<h5 class="test-status text-fail">Add to cart Functionality</h5>
<span class='badge badge-success'>04.01.2024 5:40:19 PM</span>
<span class='badge badge-danger'>04.01.2024 5:40:19 PM</span>
<span class='badge badge-default'>00:00:00:454</span>
&middot; <span class='uri-anchor badge badge-default'>#test-id=1</span>
<span class='badge badge-default pointer float-right ml-1 et'><i class="fa fa-chevron-down"></i></span>
<span class='badge badge-default pointer float-right ct'><i class="fa fa-chevron-up"></i></span>
</div>
<div class="m-t-10 m-l-5"></div>
</div>
</div>
<div class="accordion mt-4">
  <div class="card">
    <div class="card-header" role="tab">
      <div class="card-title">
        <div class="node" id="2"><span class="badge log fail-bg mr-2">Fail</span>Verify Products successfully added to cart</div>
      </div>
    </div>
        <div class="">
          <div class="card-body">
              <div class="step fail-bg" title="BEFORE">
                <span>stepDefinition.Hooks.setup()</span>
      <div>
        <textarea disabled class="code-block">java.lang.IllegalArgumentException: Extension must exist: I:\Ecommerce\Extensions\adblock.crx
	at org.openqa.selenium.internal.Require$FileChecker.isFile(Require.java:270)
	at org.openqa.selenium.chromium.ChromiumOptions.lambda$addExtensions$2(ChromiumOptions.java:161)
	at java.base/java.util.Arrays$ArrayList.forEach(Arrays.java:4204)
	at org.openqa.selenium.chromium.ChromiumOptions.addExtensions(ChromiumOptions.java:161)
	at org.openqa.selenium.chromium.ChromiumOptions.addExtensions(ChromiumOptions.java:150)
	at drivers.DriverInitialization.initilizeBrowser(DriverInitialization.java:32)
	at stepDefinition.Hooks.setup(Hooks.java:26)
</textarea>
      
      </div>
              </div>
              <div class="step skip-bg" title="stepDefinition.RegisterUserSteps.user_navigates_to_home_page()">
                <span>Given user navigates to home page</span>
      <div>Step skipped
      </div>
              </div>
              <div class="step skip-bg" title="stepDefinition.ProductDetailsSteps.user_click_on_products_button()">
                <span>When user Click on Products button</span>
      <div>Step skipped
      </div>
              </div>
              <div class="step skip-bg" title="stepDefinition.ProductDetailsSteps.user_navigated_to_all_products_page_successfully()">
                <span>Then user navigated to ALL PRODUCTS page successfully</span>
      <div>Step skipped
      </div>
              </div>
              <div class="step skip-bg" title="stepDefinition.AddToCartSteps.user_mouse_hover_on_first_product_and_click_on_add_to_cart()">
                <span>When user mouse hover on first product and click on add to cart</span>
      <div>Step skipped
      </div>
              </div>
              <div class="step skip-bg" title="stepDefinition.AddToCartSteps.user_click_on_continue_shopping_button()">
                <span>And user click on continue shopping button</span>
      <div>Step skipped
      </div>
              </div>
              <div class="step skip-bg" title="stepDefinition.AddToCartSteps.user_mouse_hover_on_second_product_and_click_on_add_to_cart()">
                <span>And user mouse hover on second product and click on add to cart</span>
      <div>Step skipped
      </div>
              </div>
              <div class="step skip-bg" title="stepDefinition.AddToCartSteps.user_click_on_view_cart_link()">
                <span>And user click on view cart link</span>
      <div>Step skipped
      </div>
              </div>
              <div class="step skip-bg" title="stepDefinition.AddToCartSteps.both_products_have_been_added_to_cart_successfully()">
                <span>Then both products have been added to cart successfully</span>
      <div>Step skipped
      </div>
              </div>
              <div class="step skip-bg" title="stepDefinition.AddToCartSteps.unit_price_qty_and_total_price_is_visible()">
                <span>And unit price,qty and total price is visible</span>
      <div>Step skipped
      </div>
              </div>
              <div class="step fail-bg" title="AFTER">
                <span>stepDefinition.Hooks.tearDown(io.cucumber.java.Scenario)</span>
      <div>
        <textarea disabled class="code-block">java.lang.NullPointerException: Cannot invoke "org.openqa.selenium.WebDriver.quit()" because "this.driver" is null
	at stepDefinition.Hooks.tearDown(Hooks.java:36)
</textarea>
      
      </div>
              </div>
          </div>
        </div>
  </div>
</div>
          </div>
        </li>
        <li class="test-item"  status="fail" test-id="23"
          author=""
          tag=""
          device="">
          <div class="test-detail">
            <p class="name">Login Functionality</p>
            <p class="text-sm">
              <span>5:40:19 PM</span> / <span>00:00:00:102</span>
              <span class="badge fail-bg log float-right">Fail</span>
            </p>
          </div>
          <div class="test-contents d-none">
<div class="detail-head">
<div class="p-v-10">
<div class="info">
<h5 class="test-status text-fail">Login Functionality</h5>
<span class='badge badge-success'>04.01.2024 5:40:19 PM</span>
<span class='badge badge-danger'>04.01.2024 5:40:20 PM</span>
<span class='badge badge-default'>00:00:00:102</span>
&middot; <span class='uri-anchor badge badge-default'>#test-id=23</span>
<span class='badge badge-default pointer float-right ml-1 et'><i class="fa fa-chevron-down"></i></span>
<span class='badge badge-default pointer float-right ct'><i class="fa fa-chevron-up"></i></span>
</div>
<div class="m-t-10 m-l-5"></div>
</div>
</div>
<div class="accordion mt-4">
  <div class="card">
    <div class="card-header" role="tab">
      <div class="card-title">
        <div class="node" id="24"><span class="badge log fail-bg mr-2">Fail</span>Login using correct email id and password</div>
      </div>
    </div>
        <div class="">
          <div class="card-body">
              <div class="step fail-bg" title="BEFORE">
                <span>stepDefinition.Hooks.setup()</span>
      <div>
        <textarea disabled class="code-block">java.lang.IllegalArgumentException: Extension must exist: I:\Ecommerce\Extensions\adblock.crx
	at org.openqa.selenium.internal.Require$FileChecker.isFile(Require.java:270)
	at org.openqa.selenium.chromium.ChromiumOptions.lambda$addExtensions$2(ChromiumOptions.java:161)
	at java.base/java.util.Arrays$ArrayList.forEach(Arrays.java:4204)
	at org.openqa.selenium.chromium.ChromiumOptions.addExtensions(ChromiumOptions.java:161)
	at org.openqa.selenium.chromium.ChromiumOptions.addExtensions(ChromiumOptions.java:150)
	at drivers.DriverInitialization.initilizeBrowser(DriverInitialization.java:32)
	at stepDefinition.Hooks.setup(Hooks.java:26)
</textarea>
      
      </div>
              </div>
              <div class="step skip-bg" title="stepDefinition.RegisterUserSteps.user_navigates_to_home_page()">
                <span>Given user navigates to home page</span>
      <div>Step skipped
      </div>
              </div>
              <div class="step skip-bg" title="stepDefinition.RegisterUserSteps.user_click_on_signup_login_button()">
                <span>When user click on Signup / Login button</span>
      <div>Step skipped
      </div>
              </div>
              <div class="step skip-bg" title="stepDefinition.LoginSteps.login_to_your_account_visible()">
                <span>Then Login to your account visible</span>
      <div>Step skipped
      </div>
              </div>
              <div class="step skip-bg" title="stepDefinition.LoginSteps.user_enter_email_adress_as(java.lang.String)">
                <span>When user enter email adress as "anvita123@gmail.com"</span>
      <div>Step skipped
      </div>
              </div>
              <div class="step skip-bg" title="stepDefinition.LoginSteps.password_as(java.lang.String)">
                <span>And Password as "test@123"</span>
      <div>Step skipped
      </div>
              </div>
              <div class="step skip-bg" title="stepDefinition.LoginSteps.click_on_login_button()">
                <span>And click on login button</span>
      <div>Step skipped
      </div>
              </div>
              <div class="step skip-bg" title="stepDefinition.LoginSteps.user_navigated_to_my_account_page()">
                <span>Then user navigated to My account Page</span>
      <div>Step skipped
      </div>
              </div>
              <div class="step fail-bg" title="AFTER">
                <span>stepDefinition.Hooks.tearDown(io.cucumber.java.Scenario)</span>
      <div>
        <textarea disabled class="code-block">java.lang.NullPointerException: Cannot invoke "org.openqa.selenium.WebDriver.quit()" because "this.driver" is null
	at stepDefinition.Hooks.tearDown(Hooks.java:36)
</textarea>
      
      </div>
              </div>
          </div>
        </div>
  </div>
</div>
          </div>
        </li>
        <li class="test-item"  status="fail" test-id="41"
          author=""
          tag=""
          device="">
          <div class="test-detail">
            <p class="name">Place order</p>
            <p class="text-sm">
              <span>5:40:20 PM</span> / <span>00:00:00:292</span>
              <span class="badge fail-bg log float-right">Fail</span>
            </p>
          </div>
          <div class="test-contents d-none">
<div class="detail-head">
<div class="p-v-10">
<div class="info">
<h5 class="test-status text-fail">Place order</h5>
<span class='badge badge-success'>04.01.2024 5:40:20 PM</span>
<span class='badge badge-danger'>04.01.2024 5:40:20 PM</span>
<span class='badge badge-default'>00:00:00:292</span>
&middot; <span class='uri-anchor badge badge-default'>#test-id=41</span>
<span class='badge badge-default pointer float-right ml-1 et'><i class="fa fa-chevron-down"></i></span>
<span class='badge badge-default pointer float-right ct'><i class="fa fa-chevron-up"></i></span>
</div>
<div class="m-t-10 m-l-5"></div>
</div>
</div>
<div class="accordion mt-4">
  <div class="card">
    <div class="card-header" role="tab">
      <div class="card-title">
        <div class="node" id="42"><span class="badge log fail-bg mr-2">Fail</span>Register while placing the order</div>
      </div>
    </div>
        <div class="">
          <div class="card-body">
              <div class="step fail-bg" title="BEFORE">
                <span>stepDefinition.Hooks.setup()</span>
      <div>
        <textarea disabled class="code-block">java.lang.IllegalArgumentException: Extension must exist: I:\Ecommerce\Extensions\adblock.crx
	at org.openqa.selenium.internal.Require$FileChecker.isFile(Require.java:270)
	at org.openqa.selenium.chromium.ChromiumOptions.lambda$addExtensions$2(ChromiumOptions.java:161)
	at java.base/java.util.Arrays$ArrayList.forEach(Arrays.java:4204)
	at org.openqa.selenium.chromium.ChromiumOptions.addExtensions(ChromiumOptions.java:161)
	at org.openqa.selenium.chromium.ChromiumOptions.addExtensions(ChromiumOptions.java:150)
	at drivers.DriverInitialization.initilizeBrowser(DriverInitialization.java:32)
	at stepDefinition.Hooks.setup(Hooks.java:26)
</textarea>
      
      </div>
              </div>
              <div class="step skip-bg" title="stepDefinition.RegisterUserSteps.user_navigates_to_home_page()">
                <span>Given user navigates to home page</span>
      <div>Step skipped
      </div>
              </div>
              <div class="step skip-bg" title="stepDefinition.PlaceOrder_Register.user_added_product_to_the_cart()">
                <span>And user added product to the cart</span>
      <div>Step skipped
      </div>
              </div>
              <div class="step skip-bg" title="stepDefinition.PlaceOrder_Register.click_on_view_cart()">
                <span>And click on view cart</span>
      <div>Step skipped
      </div>
              </div>
              <div class="step skip-bg" title="stepDefinition.PlaceOrder_Register.cart_page_is_displayed()">
                <span>Then cart page is displayed</span>
      <div>Step skipped
      </div>
              </div>
              <div class="step skip-bg" title="stepDefinition.PlaceOrder_Register.user_click_on_proceed_to_checkout()">
                <span>When user click on proceed to checkout</span>
      <div>Step skipped
      </div>
              </div>
              <div class="step skip-bg" title="stepDefinition.PlaceOrder_Register.register_login_link_appears()">
                <span>Then Register/login link appears</span>
      <div>Step skipped
      </div>
              </div>
              <div class="step skip-bg" title="stepDefinition.PlaceOrder_Register.user_click_on_the_register_login_link()">
                <span>When user click on the Register/login link</span>
      <div>Step skipped
      </div>
              </div>
              <div class="step skip-bg" title="stepDefinition.PlaceOrder_Register.user_navigated_to_signup_login_page()">
                <span>Then user navigated to Signup/Login page</span>
      <div>Step skipped
      </div>
              </div>
              <div class="step skip-bg" title="stepDefinition.PlaceOrder_Register.user_fill_required_details()">
                <span>When user fill required details</span>
      <div>Step skipped
      </div>
              </div>
              <div class="step skip-bg" title="stepDefinition.PlaceOrder_Register.account_created_messeage_get_displayed()">
                <span>Then Account created messeage get displayed</span>
      <div>Step skipped
      </div>
              </div>
              <div class="step skip-bg" title="stepDefinition.PlaceOrder_Register.logged_in_as_user_displayed_at_top()">
                <span>And logged in as user displayed at top</span>
      <div>Step skipped
      </div>
              </div>
              <div class="step skip-bg" title="stepDefinition.PlaceOrder_Register.user_clicks_on_cart_button()">
                <span>When user clicks on cart button</span>
      <div>Step skipped
      </div>
              </div>
              <div class="step skip-bg" title="stepDefinition.PlaceOrder_Register.user_navigated_to_cart_page()">
                <span>Then User navigated to cart page</span>
      <div>Step skipped
      </div>
              </div>
              <div class="step skip-bg" title="stepDefinition.PlaceOrder_Register.user_click_on_proceed_to_checkout()">
                <span>When user click on proceed to checkout</span>
      <div>Step skipped
      </div>
              </div>
              <div class="step skip-bg" title="stepDefinition.PlaceOrder_Register.address_detials_visible_and_review_order_product()">
                <span>Then address detials visible and review order product</span>
      <div>Step skipped
      </div>
              </div>
              <div class="step skip-bg" title="stepDefinition.PlaceOrder_Register.user_enter_comment_and_click_on_place_order_button()">
                <span>When user enter comment and click on place order button</span>
      <div>Step skipped
      </div>
              </div>
              <div class="step skip-bg" title="stepDefinition.PlaceOrder_Register.user_navigated_to_payment_page()">
                <span>Then user navigated to payment page</span>
      <div>Step skipped
      </div>
              </div>
              <div class="step skip-bg" title="stepDefinition.PlaceOrder_Register.user_enter_card_details_below_fields(io.cucumber.datatable.DataTable)">
                <span>When user enter card details below fields</span>
      <div><table class='markup-table table '><tr><td>Name on card</td><td>Anvita</td></tr><tr><td>card number</td><td>124521544512</td></tr><tr><td>CVC</td><td>123</td></tr><tr><td>Expiration_month</td><td>12</td></tr><tr><td>Expiration_year</td><td>2026</td></tr></table>
      </div>
      <div>Step skipped
      </div>
              </div>
              <div class="step skip-bg" title="stepDefinition.PlaceOrder_Register.click_on_pay_and_confirm_order_button()">
                <span>And click on Pay and confirm order button</span>
      <div>Step skipped
      </div>
              </div>
              <div class="step skip-bg" title="stepDefinition.PlaceOrder_Register.congratulations_your_order_has_been_confirmed_messeage_is_displayed()">
                <span>Then Congratulations! Your order has been confirmed! messeage is displayed</span>
      <div>Step skipped
      </div>
              </div>
              <div class="step fail-bg" title="AFTER">
                <span>stepDefinition.Hooks.tearDown(io.cucumber.java.Scenario)</span>
      <div>
        <textarea disabled class="code-block">java.lang.NullPointerException: Cannot invoke "org.openqa.selenium.WebDriver.quit()" because "this.driver" is null
	at stepDefinition.Hooks.tearDown(Hooks.java:36)
</textarea>
      
      </div>
              </div>
          </div>
        </div>
  </div>
</div>
          </div>
        </li>
        <li class="test-item"  status="fail" test-id="85"
          author=""
          tag=""
          device="">
          <div class="test-detail">
            <p class="name">Product details</p>
            <p class="text-sm">
              <span>5:40:20 PM</span> / <span>00:00:00:027</span>
              <span class="badge fail-bg log float-right">Fail</span>
            </p>
          </div>
          <div class="test-contents d-none">
<div class="detail-head">
<div class="p-v-10">
<div class="info">
<h5 class="test-status text-fail">Product details</h5>
<span class='badge badge-success'>04.01.2024 5:40:20 PM</span>
<span class='badge badge-danger'>04.01.2024 5:40:20 PM</span>
<span class='badge badge-default'>00:00:00:027</span>
&middot; <span class='uri-anchor badge badge-default'>#test-id=85</span>
<span class='badge badge-default pointer float-right ml-1 et'><i class="fa fa-chevron-down"></i></span>
<span class='badge badge-default pointer float-right ct'><i class="fa fa-chevron-up"></i></span>
</div>
<div class="m-t-10 m-l-5"></div>
</div>
</div>
<div class="accordion mt-4">
  <div class="card">
    <div class="card-header" role="tab">
      <div class="card-title">
        <div class="node" id="86"><span class="badge log fail-bg mr-2">Fail</span>Verify all products and product details page</div>
      </div>
    </div>
        <div class="">
          <div class="card-body">
              <div class="step fail-bg" title="BEFORE">
                <span>stepDefinition.Hooks.setup()</span>
      <div>
        <textarea disabled class="code-block">java.lang.IllegalArgumentException: Extension must exist: I:\Ecommerce\Extensions\adblock.crx
	at org.openqa.selenium.internal.Require$FileChecker.isFile(Require.java:270)
	at org.openqa.selenium.chromium.ChromiumOptions.lambda$addExtensions$2(ChromiumOptions.java:161)
	at java.base/java.util.Arrays$ArrayList.forEach(Arrays.java:4204)
	at org.openqa.selenium.chromium.ChromiumOptions.addExtensions(ChromiumOptions.java:161)
	at org.openqa.selenium.chromium.ChromiumOptions.addExtensions(ChromiumOptions.java:150)
	at drivers.DriverInitialization.initilizeBrowser(DriverInitialization.java:32)
	at stepDefinition.Hooks.setup(Hooks.java:26)
</textarea>
      
      </div>
              </div>
              <div class="step skip-bg" title="stepDefinition.RegisterUserSteps.user_navigates_to_home_page()">
                <span>Given user navigates to home page</span>
      <div>Step skipped
      </div>
              </div>
              <div class="step skip-bg" title="stepDefinition.ProductDetailsSteps.user_click_on_products_button()">
                <span>When user Click on Products button</span>
      <div>Step skipped
      </div>
              </div>
              <div class="step skip-bg" title="stepDefinition.ProductDetailsSteps.user_navigated_to_all_products_page_successfully()">
                <span>Then user navigated to ALL PRODUCTS page successfully</span>
      <div>Step skipped
      </div>
              </div>
              <div class="step skip-bg" title="stepDefinition.ProductDetailsSteps.the_products_list_is_visible()">
                <span>And The products list is visible</span>
      <div>Step skipped
      </div>
              </div>
              <div class="step skip-bg" title="stepDefinition.ProductDetailsSteps.user_click_on_view_product_of_first_product()">
                <span>When user Click on View Product of first product</span>
      <div>Step skipped
      </div>
              </div>
              <div class="step skip-bg" title="stepDefinition.ProductDetailsSteps.user_is_landed_to_product_detail_page()">
                <span>Then User is landed to product detail page</span>
      <div>Step skipped
      </div>
              </div>
              <div class="step skip-bg" title="stepDefinition.ProductDetailsSteps.all_product_detail_is_visible_product_name_category_price_availability_condition_brand()">
                <span>And all product detail is visible: product name, category, price, availability, condition, brand</span>
      <div>Step skipped
      </div>
              </div>
              <div class="step fail-bg" title="AFTER">
                <span>stepDefinition.Hooks.tearDown(io.cucumber.java.Scenario)</span>
      <div>
        <textarea disabled class="code-block">java.lang.NullPointerException: Cannot invoke "org.openqa.selenium.WebDriver.quit()" because "this.driver" is null
	at stepDefinition.Hooks.tearDown(Hooks.java:36)
</textarea>
      
      </div>
              </div>
          </div>
        </div>
  </div>
</div>
          </div>
        </li>
        <li class="test-item"  status="fail" test-id="103"
          author=""
          tag=""
          device="">
          <div class="test-detail">
            <p class="name">Product quantity in cart</p>
            <p class="text-sm">
              <span>5:40:20 PM</span> / <span>00:00:00:039</span>
              <span class="badge fail-bg log float-right">Fail</span>
            </p>
          </div>
          <div class="test-contents d-none">
<div class="detail-head">
<div class="p-v-10">
<div class="info">
<h5 class="test-status text-fail">Product quantity in cart</h5>
<span class='badge badge-success'>04.01.2024 5:40:20 PM</span>
<span class='badge badge-danger'>04.01.2024 5:40:20 PM</span>
<span class='badge badge-default'>00:00:00:039</span>
&middot; <span class='uri-anchor badge badge-default'>#test-id=103</span>
<span class='badge badge-default pointer float-right ml-1 et'><i class="fa fa-chevron-down"></i></span>
<span class='badge badge-default pointer float-right ct'><i class="fa fa-chevron-up"></i></span>
</div>
<div class="m-t-10 m-l-5"></div>
</div>
</div>
<div class="accordion mt-4">
  <div class="card">
    <div class="card-header" role="tab">
      <div class="card-title">
        <div class="node" id="104"><span class="badge log fail-bg mr-2">Fail</span>Verifying product quantity in cart</div>
      </div>
    </div>
        <div class="">
          <div class="card-body">
              <div class="step fail-bg" title="BEFORE">
                <span>stepDefinition.Hooks.setup()</span>
      <div>
        <textarea disabled class="code-block">java.lang.IllegalArgumentException: Extension must exist: I:\Ecommerce\Extensions\adblock.crx
	at org.openqa.selenium.internal.Require$FileChecker.isFile(Require.java:270)
	at org.openqa.selenium.chromium.ChromiumOptions.lambda$addExtensions$2(ChromiumOptions.java:161)
	at java.base/java.util.Arrays$ArrayList.forEach(Arrays.java:4204)
	at org.openqa.selenium.chromium.ChromiumOptions.addExtensions(ChromiumOptions.java:161)
	at org.openqa.selenium.chromium.ChromiumOptions.addExtensions(ChromiumOptions.java:150)
	at drivers.DriverInitialization.initilizeBrowser(DriverInitialization.java:32)
	at stepDefinition.Hooks.setup(Hooks.java:26)
</textarea>
      
      </div>
              </div>
              <div class="step skip-bg" title="stepDefinition.RegisterUserSteps.user_navigates_to_home_page()">
                <span>Given user navigates to home page</span>
      <div>Step skipped
      </div>
              </div>
              <div class="step skip-bg" title="stepDefinition.ProductDetailsSteps.user_click_on_products_button()">
                <span>When user Click on Products button</span>
      <div>Step skipped
      </div>
              </div>
              <div class="step skip-bg" title="stepDefinition.VerifyProdQtyInCart.user_click_on_view_product_for_any_product()">
                <span>When user click on view product for any product</span>
      <div>Step skipped
      </div>
              </div>
              <div class="step skip-bg" title="stepDefinition.VerifyProdQtyInCart.details_of_the_product_is_visible()">
                <span>Then details of the product is visible</span>
      <div>Step skipped
      </div>
              </div>
              <div class="step skip-bg" title="stepDefinition.VerifyProdQtyInCart.user_increase_the_quantity_to(java.lang.Integer)">
                <span>When user increase the quantity to 4</span>
      <div>Step skipped
      </div>
              </div>
              <div class="step skip-bg" title="stepDefinition.VerifyProdQtyInCart.click_on_add_to_cart_button()">
                <span>And click on add to cart button</span>
      <div>Step skipped
      </div>
              </div>
              <div class="step skip-bg" title="stepDefinition.VerifyProdQtyInCart.click_view_cart_button()">
                <span>And click view cart button</span>
      <div>Step skipped
      </div>
              </div>
              <div class="step skip-bg" title="stepDefinition.VerifyProdQtyInCart.verify_total_quanity_as_in_the_cart(java.lang.Integer)">
                <span>Then verify total quanity as 4 in the cart</span>
      <div>Step skipped
      </div>
              </div>
              <div class="step fail-bg" title="AFTER">
                <span>stepDefinition.Hooks.tearDown(io.cucumber.java.Scenario)</span>
      <div>
        <textarea disabled class="code-block">java.lang.NullPointerException: Cannot invoke "org.openqa.selenium.WebDriver.quit()" because "this.driver" is null
	at stepDefinition.Hooks.tearDown(Hooks.java:36)
</textarea>
      
      </div>
              </div>
          </div>
        </div>
  </div>
</div>
          </div>
        </li>
        <li class="test-item"  status="fail" test-id="123"
          author=""
          tag=""
          device="">
          <div class="test-detail">
            <p class="name">Register Functionality</p>
            <p class="text-sm">
              <span>5:40:20 PM</span> / <span>00:00:00:150</span>
              <span class="badge fail-bg log float-right">Fail</span>
            </p>
          </div>
          <div class="test-contents d-none">
<div class="detail-head">
<div class="p-v-10">
<div class="info">
<h5 class="test-status text-fail">Register Functionality</h5>
<span class='badge badge-success'>04.01.2024 5:40:20 PM</span>
<span class='badge badge-danger'>04.01.2024 5:40:21 PM</span>
<span class='badge badge-default'>00:00:00:150</span>
&middot; <span class='uri-anchor badge badge-default'>#test-id=123</span>
<span class='badge badge-default pointer float-right ml-1 et'><i class="fa fa-chevron-down"></i></span>
<span class='badge badge-default pointer float-right ct'><i class="fa fa-chevron-up"></i></span>
</div>
<div class="m-t-10 m-l-5"></div>
</div>
</div>
<div class="accordion mt-4">
  <div class="card">
    <div class="card-header" role="tab">
      <div class="card-title">
        <div class="node" id="124"><span class="badge log fail-bg mr-2">Fail</span>Register User With Required Details</div>
      </div>
    </div>
        <div class="">
          <div class="card-body">
              <div class="step fail-bg" title="BEFORE">
                <span>stepDefinition.Hooks.setup()</span>
      <div>
        <textarea disabled class="code-block">java.lang.IllegalArgumentException: Extension must exist: I:\Ecommerce\Extensions\adblock.crx
	at org.openqa.selenium.internal.Require$FileChecker.isFile(Require.java:270)
	at org.openqa.selenium.chromium.ChromiumOptions.lambda$addExtensions$2(ChromiumOptions.java:161)
	at java.base/java.util.Arrays$ArrayList.forEach(Arrays.java:4204)
	at org.openqa.selenium.chromium.ChromiumOptions.addExtensions(ChromiumOptions.java:161)
	at org.openqa.selenium.chromium.ChromiumOptions.addExtensions(ChromiumOptions.java:150)
	at drivers.DriverInitialization.initilizeBrowser(DriverInitialization.java:32)
	at stepDefinition.Hooks.setup(Hooks.java:26)
</textarea>
      
      </div>
              </div>
              <div class="step skip-bg" title="stepDefinition.RegisterUserSteps.user_navigates_to_home_page()">
                <span>Given user navigates to home page</span>
      <div>Step skipped
      </div>
              </div>
              <div class="step skip-bg" title="stepDefinition.RegisterUserSteps.user_click_on_signup_login_button()">
                <span>When user click on Signup / Login button</span>
      <div>Step skipped
      </div>
              </div>
              <div class="step skip-bg" title="stepDefinition.RegisterUserSteps.is_visible(java.lang.String)">
                <span>Then "New User Signup!" is visible</span>
      <div>Step skipped
      </div>
              </div>
              <div class="step skip-bg" title="stepDefinition.RegisterUserSteps.user_enter_name_and_email_address()">
                <span>When user enter name and email address</span>
      <div>Step skipped
      </div>
              </div>
              <div class="step skip-bg" title="stepDefinition.RegisterUserSteps.click_on_signup_button()">
                <span>And click on Signup button</span>
      <div>Step skipped
      </div>
              </div>
              <div class="step skip-bg" title="stepDefinition.RegisterUserSteps.is_visible(java.lang.String)">
                <span>Then "ENTER ACCOUNT INFORMATION" is visible</span>
      <div>Step skipped
      </div>
              </div>
              <div class="step skip-bg" title="stepDefinition.RegisterUserSteps.user_fill_details_title_name_email_password_date_of_birth()">
                <span>When user fill details Title, Name, Email, Password, Date of birth</span>
      <div>Step skipped
      </div>
              </div>
              <div class="step skip-bg" title="stepDefinition.RegisterUserSteps.select_checkbox(java.lang.String)">
                <span>And Select checkbox "Sign up for our newsletter!"</span>
      <div>Step skipped
      </div>
              </div>
              <div class="step skip-bg" title="stepDefinition.RegisterUserSteps.select_checkbox(java.lang.String)">
                <span>And Select checkbox "Receive special offers from our partners!"</span>
      <div>Step skipped
      </div>
              </div>
              <div class="step skip-bg" title="stepDefinition.RegisterUserSteps.click_create_account_button()">
                <span>And Click Create Account button</span>
      <div>Step skipped
      </div>
              </div>
              <div class="step skip-bg" title="stepDefinition.RegisterUserSteps.account_created_messeage_is_visible()">
                <span>Then ACCOUNT CREATED! messeage is visible</span>
      <div>Step skipped
      </div>
              </div>
              <div class="step skip-bg" title="stepDefinition.RegisterUserSteps.user_click_on_continue_button()">
                <span>When user Click on Continue button</span>
      <div>Step skipped
      </div>
              </div>
              <div class="step skip-bg" title="stepDefinition.RegisterUserSteps.logged_in_as_username_is_visible()">
                <span>Then Logged in as username is visible</span>
      <div>Step skipped
      </div>
              </div>
              <div class="step skip-bg" title="stepDefinition.RegisterUserSteps.user_click_on_delete_account_button()">
                <span>When user Click on Delete Account button</span>
      <div>Step skipped
      </div>
              </div>
              <div class="step skip-bg" title="stepDefinition.RegisterUserSteps.account_deleted_is_visible_and_click_continue_button()">
                <span>Then ACCOUNT DELETED! is visible and click Continue button</span>
      <div>Step skipped
      </div>
              </div>
              <div class="step fail-bg" title="AFTER">
                <span>stepDefinition.Hooks.tearDown(io.cucumber.java.Scenario)</span>
      <div>
        <textarea disabled class="code-block">java.lang.NullPointerException: Cannot invoke "org.openqa.selenium.WebDriver.quit()" because "this.driver" is null
	at stepDefinition.Hooks.tearDown(Hooks.java:36)
</textarea>
      
      </div>
              </div>
          </div>
        </div>
  </div>
  <div class="card">
    <div class="card-header" role="tab">
      <div class="card-title">
        <div class="node" id="157"><span class="badge log fail-bg mr-2">Fail</span>Register with existing email address</div>
      </div>
    </div>
        <div class="">
          <div class="card-body">
              <div class="step fail-bg" title="BEFORE">
                <span>stepDefinition.Hooks.setup()</span>
      <div>
        <textarea disabled class="code-block">java.lang.IllegalArgumentException: Extension must exist: I:\Ecommerce\Extensions\adblock.crx
	at org.openqa.selenium.internal.Require$FileChecker.isFile(Require.java:270)
	at org.openqa.selenium.chromium.ChromiumOptions.lambda$addExtensions$2(ChromiumOptions.java:161)
	at java.base/java.util.Arrays$ArrayList.forEach(Arrays.java:4204)
	at org.openqa.selenium.chromium.ChromiumOptions.addExtensions(ChromiumOptions.java:161)
	at org.openqa.selenium.chromium.ChromiumOptions.addExtensions(ChromiumOptions.java:150)
	at drivers.DriverInitialization.initilizeBrowser(DriverInitialization.java:32)
	at stepDefinition.Hooks.setup(Hooks.java:26)
</textarea>
      
      </div>
              </div>
              <div class="step skip-bg" title="stepDefinition.RegisterUserSteps.user_navigates_to_home_page()">
                <span>Given user navigates to home page</span>
      <div>Step skipped
      </div>
              </div>
              <div class="step skip-bg" title="stepDefinition.RegisterUserSteps.user_click_on_signup_login_button()">
                <span>When user click on Signup / Login button</span>
      <div>Step skipped
      </div>
              </div>
              <div class="step skip-bg" title="stepDefinition.RegisterUserSteps.is_visible(java.lang.String)">
                <span>Then "New User Signup!" is visible</span>
      <div>Step skipped
      </div>
              </div>
              <div class="step skip-bg" title="stepDefinition.RegisterUserSteps.user_enter_existing_name_and_existing_email_address()">
                <span>When user enter existing name and existing email address</span>
      <div>Step skipped
      </div>
              </div>
              <div class="step skip-bg" title="stepDefinition.RegisterUserSteps.click_on_signup_button()">
                <span>And click on Signup button</span>
      <div>Step skipped
      </div>
              </div>
              <div class="step skip-bg" title="stepDefinition.RegisterUserSteps.email_address_already_exist_visible()">
                <span>Then Email Address already exist! visible</span>
      <div>Step skipped
      </div>
              </div>
              <div class="step fail-bg" title="AFTER">
                <span>stepDefinition.Hooks.tearDown(io.cucumber.java.Scenario)</span>
      <div>
        <textarea disabled class="code-block">java.lang.NullPointerException: Cannot invoke "org.openqa.selenium.WebDriver.quit()" because "this.driver" is null
	at stepDefinition.Hooks.tearDown(Hooks.java:36)
</textarea>
      
      </div>
              </div>
          </div>
        </div>
  </div>
</div>
          </div>
        </li>
        <li class="test-item"  status="fail" test-id="172"
          author=""
          tag=""
          device="">
          <div class="test-detail">
            <p class="name">Search Functionality</p>
            <p class="text-sm">
              <span>5:40:21 PM</span> / <span>00:00:00:018</span>
              <span class="badge fail-bg log float-right">Fail</span>
            </p>
          </div>
          <div class="test-contents d-none">
<div class="detail-head">
<div class="p-v-10">
<div class="info">
<h5 class="test-status text-fail">Search Functionality</h5>
<span class='badge badge-success'>04.01.2024 5:40:21 PM</span>
<span class='badge badge-danger'>04.01.2024 5:40:21 PM</span>
<span class='badge badge-default'>00:00:00:018</span>
&middot; <span class='uri-anchor badge badge-default'>#test-id=172</span>
<span class='badge badge-default pointer float-right ml-1 et'><i class="fa fa-chevron-down"></i></span>
<span class='badge badge-default pointer float-right ct'><i class="fa fa-chevron-up"></i></span>
</div>
<div class="m-t-10 m-l-5"></div>
</div>
</div>
<div class="accordion mt-4">
  <div class="card">
    <div class="card-header" role="tab">
      <div class="card-title">
        <div class="node" id="173"><span class="badge log fail-bg mr-2">Fail</span>Search product and verify related products</div>
      </div>
    </div>
        <div class="">
          <div class="card-body">
              <div class="step fail-bg" title="BEFORE">
                <span>stepDefinition.Hooks.setup()</span>
      <div>
        <textarea disabled class="code-block">java.lang.IllegalArgumentException: Extension must exist: I:\Ecommerce\Extensions\adblock.crx
	at org.openqa.selenium.internal.Require$FileChecker.isFile(Require.java:270)
	at org.openqa.selenium.chromium.ChromiumOptions.lambda$addExtensions$2(ChromiumOptions.java:161)
	at java.base/java.util.Arrays$ArrayList.forEach(Arrays.java:4204)
	at org.openqa.selenium.chromium.ChromiumOptions.addExtensions(ChromiumOptions.java:161)
	at org.openqa.selenium.chromium.ChromiumOptions.addExtensions(ChromiumOptions.java:150)
	at drivers.DriverInitialization.initilizeBrowser(DriverInitialization.java:32)
	at stepDefinition.Hooks.setup(Hooks.java:26)
</textarea>
      
      </div>
              </div>
              <div class="step skip-bg" title="stepDefinition.RegisterUserSteps.user_navigates_to_home_page()">
                <span>Given user navigates to home page</span>
      <div>Step skipped
      </div>
              </div>
              <div class="step skip-bg" title="stepDefinition.ProductDetailsSteps.user_click_on_products_button()">
                <span>When user Click on Products button</span>
      <div>Step skipped
      </div>
              </div>
              <div class="step skip-bg" title="stepDefinition.ProductDetailsSteps.user_navigated_to_all_products_page_successfully()">
                <span>Then user navigated to ALL PRODUCTS page successfully</span>
      <div>Step skipped
      </div>
              </div>
              <div class="step skip-bg" title="stepDefinition.SearchProductSteps.user_enter_product_name_in_search_box_and_click_search_button()">
                <span>When user enter product name in search box and click search button</span>
      <div>Step skipped
      </div>
              </div>
              <div class="step skip-bg" title="stepDefinition.SearchProductSteps.searched_product_is_visible()">
                <span>Then searched product is visible</span>
      <div>Step skipped
      </div>
              </div>
              <div class="step skip-bg" title="stepDefinition.SearchProductSteps.search_related_products_also_visible()">
                <span>And search related products also visible</span>
      <div>Step skipped
      </div>
              </div>
              <div class="step fail-bg" title="AFTER">
                <span>stepDefinition.Hooks.tearDown(io.cucumber.java.Scenario)</span>
      <div>
        <textarea disabled class="code-block">java.lang.NullPointerException: Cannot invoke "org.openqa.selenium.WebDriver.quit()" because "this.driver" is null
	at stepDefinition.Hooks.tearDown(Hooks.java:36)
</textarea>
      
      </div>
              </div>
          </div>
        </div>
  </div>
</div>
          </div>
        </li>
      </ul>
    </div>
  </div>
<div class="test-content scrollable">
<div class="test-content-tools">
<ul><li><a class="back-to-test" href="#"><i class="fa fa-arrow-left"></i></a></li></ul>
</div>
<div class="test-content-detail"><div class="detail-body"></div></div>
</div></div>
<div class="test-wrapper row view exception-view attributes-view">
<div class="test-list">
<div class="test-list-tools">
<ul class="tools pull-left"><li><a href=""><span class="font-size-14">Exception</span></a></li></ul>
<ul class="tools text-right"><li><a href="#"><span class="badge badge-primary">2</span></a></li></ul>
</div>
<div class="test-list-wrapper scrollable">
<ul class="test-list-item">
<li class="test-item">
<div class="test-detail">
<span class="meta">
<span class='badge log badge-danger'>8</span>
</span>
<p class="name">java.lang.NullPointerException</p>
<p class="duration text-sm">8 tests</p>
</div>
<div class="test-contents d-none">
<div class="info">
<h4>java.lang.NullPointerException</h4>
<span status="fail" class='badge log badge-danger'>8 failed</span>
</div>
<table class='table table-sm mt-4'>
<thead>
<tr>
<th class="status-col">Status</th>
<th class="timestamp-col">Timestamp</th>
<th>TestName</th>
</tr>
</thead>
<tbody>
<tr class="tag-test-status" status="fail">
<td><span class="badge log fail-bg">Fail</span></td>
<td>17:40:19 PM</td>
<td>
<a href="#" class="linked" test-id='1' id='22'>stepDefinition.Hooks.tearDown(io.cucumber.java.Scenario)</a>
<div class="">
<span class="badge badge-default">Add to cart Functionality.Verify Products successfully added to cart.stepDefinition.Hooks.tearDown(io.cucumber.java.Scenario)</span>
</div>
</td>
</tr>
<tr class="tag-test-status" status="fail">
<td><span class="badge log fail-bg">Fail</span></td>
<td>17:40:20 PM</td>
<td>
<a href="#" class="linked" test-id='23' id='40'>stepDefinition.Hooks.tearDown(io.cucumber.java.Scenario)</a>
<div class="">
<span class="badge badge-default">Login Functionality.Login using correct email id and password.stepDefinition.Hooks.tearDown(io.cucumber.java.Scenario)</span>
</div>
</td>
</tr>
<tr class="tag-test-status" status="fail">
<td><span class="badge log fail-bg">Fail</span></td>
<td>17:40:20 PM</td>
<td>
<a href="#" class="linked" test-id='41' id='84'>stepDefinition.Hooks.tearDown(io.cucumber.java.Scenario)</a>
<div class="">
<span class="badge badge-default">Place order.Register while placing the order.stepDefinition.Hooks.tearDown(io.cucumber.java.Scenario)</span>
</div>
</td>
</tr>
<tr class="tag-test-status" status="fail">
<td><span class="badge log fail-bg">Fail</span></td>
<td>17:40:20 PM</td>
<td>
<a href="#" class="linked" test-id='85' id='102'>stepDefinition.Hooks.tearDown(io.cucumber.java.Scenario)</a>
<div class="">
<span class="badge badge-default">Product details.Verify all products and product details page.stepDefinition.Hooks.tearDown(io.cucumber.java.Scenario)</span>
</div>
</td>
</tr>
<tr class="tag-test-status" status="fail">
<td><span class="badge log fail-bg">Fail</span></td>
<td>17:40:20 PM</td>
<td>
<a href="#" class="linked" test-id='103' id='122'>stepDefinition.Hooks.tearDown(io.cucumber.java.Scenario)</a>
<div class="">
<span class="badge badge-default">Product quantity in cart.Verifying product quantity in cart.stepDefinition.Hooks.tearDown(io.cucumber.java.Scenario)</span>
</div>
</td>
</tr>
<tr class="tag-test-status" status="fail">
<td><span class="badge log fail-bg">Fail</span></td>
<td>17:40:20 PM</td>
<td>
<a href="#" class="linked" test-id='123' id='156'>stepDefinition.Hooks.tearDown(io.cucumber.java.Scenario)</a>
<div class="">
<span class="badge badge-default">Register Functionality.Register User With Required Details.stepDefinition.Hooks.tearDown(io.cucumber.java.Scenario)</span>
</div>
</td>
</tr>
<tr class="tag-test-status" status="fail">
<td><span class="badge log fail-bg">Fail</span></td>
<td>17:40:21 PM</td>
<td>
<a href="#" class="linked" test-id='123' id='171'>stepDefinition.Hooks.tearDown(io.cucumber.java.Scenario)</a>
<div class="">
<span class="badge badge-default">Register Functionality.Register with existing email address.stepDefinition.Hooks.tearDown(io.cucumber.java.Scenario)</span>
</div>
</td>
</tr>
<tr class="tag-test-status" status="fail">
<td><span class="badge log fail-bg">Fail</span></td>
<td>17:40:21 PM</td>
<td>
<a href="#" class="linked" test-id='172' id='187'>stepDefinition.Hooks.tearDown(io.cucumber.java.Scenario)</a>
<div class="">
<span class="badge badge-default">Search Functionality.Search product and verify related products.stepDefinition.Hooks.tearDown(io.cucumber.java.Scenario)</span>
</div>
</td>
</tr>
</tbody>
</table>
</div>
</li>
<li class="test-item">
<div class="test-detail">
<span class="meta">
<span class='badge log badge-danger'>8</span>
</span>
<p class="name">java.lang.IllegalArgumentException</p>
<p class="duration text-sm">8 tests</p>
</div>
<div class="test-contents d-none">
<div class="info">
<h4>java.lang.IllegalArgumentException</h4>
<span status="fail" class='badge log badge-danger'>8 failed</span>
</div>
<table class='table table-sm mt-4'>
<thead>
<tr>
<th class="status-col">Status</th>
<th class="timestamp-col">Timestamp</th>
<th>TestName</th>
</tr>
</thead>
<tbody>
<tr class="tag-test-status" status="fail">
<td><span class="badge log fail-bg">Fail</span></td>
<td>17:40:19 PM</td>
<td>
<a href="#" class="linked" test-id='1' id='3'>stepDefinition.Hooks.setup()</a>
<div class="">
<span class="badge badge-default">Add to cart Functionality.Verify Products successfully added to cart.stepDefinition.Hooks.setup()</span>
</div>
</td>
</tr>
<tr class="tag-test-status" status="fail">
<td><span class="badge log fail-bg">Fail</span></td>
<td>17:40:19 PM</td>
<td>
<a href="#" class="linked" test-id='23' id='25'>stepDefinition.Hooks.setup()</a>
<div class="">
<span class="badge badge-default">Login Functionality.Login using correct email id and password.stepDefinition.Hooks.setup()</span>
</div>
</td>
</tr>
<tr class="tag-test-status" status="fail">
<td><span class="badge log fail-bg">Fail</span></td>
<td>17:40:20 PM</td>
<td>
<a href="#" class="linked" test-id='41' id='43'>stepDefinition.Hooks.setup()</a>
<div class="">
<span class="badge badge-default">Place order.Register while placing the order.stepDefinition.Hooks.setup()</span>
</div>
</td>
</tr>
<tr class="tag-test-status" status="fail">
<td><span class="badge log fail-bg">Fail</span></td>
<td>17:40:20 PM</td>
<td>
<a href="#" class="linked" test-id='85' id='87'>stepDefinition.Hooks.setup()</a>
<div class="">
<span class="badge badge-default">Product details.Verify all products and product details page.stepDefinition.Hooks.setup()</span>
</div>
</td>
</tr>
<tr class="tag-test-status" status="fail">
<td><span class="badge log fail-bg">Fail</span></td>
<td>17:40:20 PM</td>
<td>
<a href="#" class="linked" test-id='103' id='105'>stepDefinition.Hooks.setup()</a>
<div class="">
<span class="badge badge-default">Product quantity in cart.Verifying product quantity in cart.stepDefinition.Hooks.setup()</span>
</div>
</td>
</tr>
<tr class="tag-test-status" status="fail">
<td><span class="badge log fail-bg">Fail</span></td>
<td>17:40:20 PM</td>
<td>
<a href="#" class="linked" test-id='123' id='125'>stepDefinition.Hooks.setup()</a>
<div class="">
<span class="badge badge-default">Register Functionality.Register User With Required Details.stepDefinition.Hooks.setup()</span>
</div>
</td>
</tr>
<tr class="tag-test-status" status="fail">
<td><span class="badge log fail-bg">Fail</span></td>
<td>17:40:21 PM</td>
<td>
<a href="#" class="linked" test-id='123' id='158'>stepDefinition.Hooks.setup()</a>
<div class="">
<span class="badge badge-default">Register Functionality.Register with existing email address.stepDefinition.Hooks.setup()</span>
</div>
</td>
</tr>
<tr class="tag-test-status" status="fail">
<td><span class="badge log fail-bg">Fail</span></td>
<td>17:40:21 PM</td>
<td>
<a href="#" class="linked" test-id='172' id='174'>stepDefinition.Hooks.setup()</a>
<div class="">
<span class="badge badge-default">Search Functionality.Search product and verify related products.stepDefinition.Hooks.setup()</span>
</div>
</td>
</tr>
</tbody>
</table>
</div>
</li>
</ul>
</div>
</div>
<div class="test-content scrollable">
<div class="test-content-detail">
<div class="detail-body"></div>
</div>
</div>
</div><div class="test-wrapper row view category-view attributes-view">
<div class="test-list">
<div class="test-list-tools">
<ul class="tools pull-left"><li><a href=""><span class="font-size-14">Category</span></a></li></ul>
<ul class="tools text-right"><li><a href="#"><span class="badge badge-primary">1</span></a></li></ul>
</div>
<div class="test-list-wrapper scrollable">
<ul class="test-list-item">
<li class="test-item">
<div class="test-detail">
<span class="meta">
<span class='badge log badge-danger'>1</span>
</span>
<p class="name">@Login</p>
<p class="duration text-sm">1 tests</p>
</div>
<div class="test-contents d-none">
<div class="info">
<h4>@Login</h4>
<span status="fail" class='badge log badge-danger'>1 failed</span>
</div>
<table class='table table-sm mt-4'>
<thead>
<tr>
<th class="status-col">Status</th>
<th class="timestamp-col">Timestamp</th>
<th>TestName</th>
</tr>
</thead>
<tbody>
<tr class="tag-test-status" status="fail">
<td><span class="badge log fail-bg">Fail</span></td>
<td>17:40:19 PM</td>
<td>
<a href="#" class="linked" test-id='23' id='24'>Login using correct email id and password</a>
<div class="">
<span class="badge badge-default">Login Functionality.Login using correct email id and password</span>
</div>
</td>
</tr>
</tbody>
</table>
</div>
</li>
</ul>
</div>
</div>
<div class="test-content scrollable">
<div class="test-content-detail">
<div class="detail-body"></div>
</div>
</div>
</div><div class="container-fluid p-4 view dashboard-view">
<div class="row">
<div class="col-md-3">
<div class="card"><div class="card-body">
<p class="m-b-0">Started</p>
<h3>Apr 1, 2024 05:40:17 PM</h3>
</div></div>
</div>
<div class="col-md-3">
<div class="card"><div class="card-body">
<p class="m-b-0">Ended</p>
<h3>Apr 1, 2024 05:40:21 PM</h3>
</div></div>
</div>
<div class="col-md-3">
<div class="card"><div class="card-body">
<p class="m-b-0 text-pass">Features Passed</p>
<h3>0</h3>
</div></div>
</div>
<div class="col-md-3">
<div class="card"><div class="card-body">
<p class="m-b-0 text-fail">Features Failed</p>
<h3>7</h3>
</div></div>
</div>
</div>
<div class="row">
<div class="col-md-4">
<div class="card">
<div class="card-header">
<h6 class="card-title">Features</h6>
</div>
<div class="card-body">
<div class="">
<canvas id='parent-analysis' width='115' height='90'></canvas>
</div>
</div>
<div class="card-footer">
<div><small data-tooltip='0%'>
<b>0</b> features passed
</small>
</div>
<div>
<small data-tooltip='100%'><b>7</b> features failed,
<b>0</b> skipped, <b data-tooltip='0%'>0</b> others
</small>
</div>
</div>
</div>
</div>
<div class="col-md-4">
<div class="card">
<div class="card-header">
<h6 class="card-title">Scenarios</h6>
</div>
<div class="card-body">
<div class="">
<canvas id='child-analysis' width='115' height='90'></canvas>
</div>
</div>
<div class="card-footer">
<div><small data-tooltip='0%'><b>0</b> scenarios passed</small></div>
<div>
<small data-tooltip='100%'><b>8</b> scenarios failed,
<b>0</b> skipped, <b data-tooltip='%'>0</b> others
</small>
</div>
</div>
</div>
</div>
<div class="col-md-4">
<div class="card">
<div class="card-header">
<h6 class="card-title">Steps</h6>
</div>
<div class="card-body">
<div class="">
<canvas id='grandchild-analysis' width='115' height='90'></canvas>
</div>
</div>
<div class="card-footer">
<div><small data-tooltip='0%'><b>0</b> steps passed</small></div>
<div>
<small data-tooltip='17%'><b>16</b> steps failed,
<b>78</b> skipped, <b data-tooltip='%'>0</b> others
</small>
</div>
</div>
</div>
</div>
</div>
<div class="row"><div class="col-md-12">
<div class="card"><div class="card-header"><p>Timeline</p></div>
<div class="card-body pt-0"><div>
<canvas id="timeline" height="120"></canvas>
</div></div>
</div>
</div></div>
<script>
var timeline = {
"Add to cart Functionality":0.454,"Login Functionality":0.102,"Place order":0.292,"Product details":0.027,"Product quantity in cart":0.039,"Register Functionality":0.15,"Search Functionality":0.018
};
</script>
<div class="row">
<div class="col-lg-6 col-md-12 category-container">
<div class="card">
<div class="card-header"><p>Tags</p></div>
<div class="card-body pb-0 pt-0"><table class="table table-sm table-bordered">
<thead><tr class="bg-gray"><th>Name</th><th>Passed</th><th>Failed</th><th>Skipped</th><th>Others</th><th>Passed %</th></tr></thead><tbody>
<tr>
<td>@Login</td>
<td>0</td>
<td>1</td>
<td>0</td>
<td>0</td>
<td>0%</td>
</tr>
</tbody>
</table></div>
</div>
</div>
</div>
</div>
<script>
var statusGroup = {
parentCount: 5,
passParent: 0,
failParent: 7,
warningParent: 0,
skipParent: 0,
childCount: 5,
passChild: 0,
failChild: 8,
warningChild: 0,
skipChild: 0,
infoChild: 0,
grandChildCount: 5,
passGrandChild: 0,
failGrandChild: 16,
warningGrandChild: 0,
skipGrandChild: 78,
infoGrandChild: 0,
eventsCount: 5,
};
</script>        </div>
      </div>
    </div>
  </div>
<script src="https://cdn.jsdelivr.net/gh/extent-framework/extent-github-cdn@d6562a79075e061305ccfdb82f01e5e195e2d307/spark/js/spark-script.js"></script>
<script type="text/javascript"></script></body>
</html>